<?xml version='1.0' encoding='UTF-8'?>
<testsuite hostname="OVO-JPTYKN3" name="AcceptanceTests" tests="1" errors="0" failures="1" skipped="0" time="0.024" timestamp="2023-05-26T15:38:16">
          <properties>
[...]
</properties>
          <testcase classname="AcceptanceTests" name="example test that succeeds" time="0.024">
                      <failure message="[Ljava.lang.String;@3fc6ec3b (of class [Ljava.lang.String;)" type="scala.MatchError">scala.MatchError: [Ljava.lang.String;@3fc6ec3b (of class [Ljava.lang.String;)
	at test.demo.RoverController$.sendCommand(Main.scala:26)
	at AcceptanceTests.$init$$$anonfun$1(Tests.scala:17)
</failure>
                    </testcase>
          <system-out><![CDATA[]]></system-out>
          <system-err><![CDATA[]]></system-err>
        </testsuite>