<?xml version='1.0' encoding='UTF-8'?>
<testsuite hostname="arch" name="AcceptanceTests" tests="1" errors="0" failures="1" skipped="0" time="0.081" timestamp="2023-05-19T15:52:01">
          <properties>
[...]
</properties>
          <testcase classname="AcceptanceTests" name="example test that succeeds" time="0.081">
                      <failure message="/home/git/scala-katas/src/test/scala/Tests.scala:17
16:
[7m17:    assertEquals(sendCommand(input), Right(output))[0m
18:  }
values are not the same
[1m=&gt; Obtained[0m
Left(
  value = &quot;malformed commands&quot;
)
[1m=&gt; Diff[0m ([91m- obtained[0m, [92m+ expected[0m)
[91m-Left([0m
[91m-  value = &quot;malformed commands&quot;[0m
[92m+Right([0m
[92m+  value = &quot;&quot;&quot;[0m
[92m+1 3 N[0m
[92m+5 1 E[0m
[92m+&quot;&quot;&quot;[0m
 )" type="munit.ComparisonFailException">munit.ComparisonFailException: /home/git/scala-katas/src/test/scala/Tests.scala:17
16:
[7m17:    assertEquals(sendCommand(input), Right(output))[0m
18:  }
values are not the same
[1m=&gt; Obtained[0m
Left(
  value = &quot;malformed commands&quot;
)
[1m=&gt; Diff[0m ([91m- obtained[0m, [92m+ expected[0m)
[91m-Left([0m
[91m-  value = &quot;malformed commands&quot;[0m
[92m+Right([0m
[92m+  value = &quot;&quot;&quot;[0m
[92m+1 3 N[0m
[92m+5 1 E[0m
[92m+&quot;&quot;&quot;[0m
 )
	at munit.FunSuite.assertEquals(FunSuite.scala:11)
	at AcceptanceTests.$init$$$anonfun$1(Tests.scala:17)
</failure>
                    </testcase>
          <system-out><![CDATA[]]></system-out>
          <system-err><![CDATA[]]></system-err>
        </testsuite>