<?xml version='1.0' encoding='UTF-8'?>
<testsuite hostname="OVO-JPTYKN3" name="UnitTests" tests="23" errors="0" failures="0" skipped="0" time="0.01" timestamp="2023-05-26T16:31:05">
          <properties>
[...]
</properties>
          <testcase classname="UnitTests" name="should fail when there is no input" time="0.005">
                      
                    </testcase><testcase classname="UnitTests" name="should fail when only a grid size is given" time="0.001">
                      
                    </testcase><testcase classname="UnitTests" name="should fail when no commands are included" time="0.0">
                      
                    </testcase><testcase classname="UnitTests" name="should fail when no commands are included for a large plateau" time="0.0">
                      
                    </testcase><testcase classname="UnitTests" name="should move north 1 2 N" time="0.001">
                      
                    </testcase><testcase classname="UnitTests" name="should move south" time="0.0">
                      
                    </testcase><testcase classname="UnitTests" name="should move east" time="0.0">
                      
                    </testcase><testcase classname="UnitTests" name="should move west" time="0.0">
                      
                    </testcase><testcase classname="UnitTests" name="should move north from 1 3 N" time="0.001">
                      
                    </testcase><testcase classname="UnitTests" name="should error if the x position is not numeric" time="0.0">
                      
                    </testcase><testcase classname="UnitTests" name="should move north from 2 3 N" time="0.0">
                      
                    </testcase><testcase classname="UnitTests" name="should turn right from north" time="0.0">
                      
                    </testcase><testcase classname="UnitTests" name="should turn right from east" time="0.0">
                      
                    </testcase><testcase classname="UnitTests" name="should turn right from south" time="0.0">
                      
                    </testcase><testcase classname="UnitTests" name="should turn right from west" time="0.001">
                      
                    </testcase><testcase classname="UnitTests" name="should turn right from north when at a different starting position" time="0.0">
                      
                    </testcase><testcase classname="UnitTests" name="should turn right from east when at a different starting position" time="0.0">
                      
                    </testcase><testcase classname="UnitTests" name="should turn right from south when at a different starting position" time="0.0">
                      
                    </testcase><testcase classname="UnitTests" name="should turn right from west when at a different starting position" time="0.0">
                      
                    </testcase><testcase classname="UnitTests" name="should turn left from north" time="0.0">
                      
                    </testcase><testcase classname="UnitTests" name="should turn left from east" time="0.0">
                      
                    </testcase><testcase classname="UnitTests" name="should turn left from south" time="0.001">
                      
                    </testcase><testcase classname="UnitTests" name="should turn left from west" time="0.0">
                      
                    </testcase>
          <system-out><![CDATA[]]></system-out>
          <system-err><![CDATA[]]></system-err>
        </testsuite>