<?xml version='1.0' encoding='UTF-8'?>
<testsuite hostname="arch" name="UnitTests" tests="19" errors="0" failures="4" skipped="0" time="0.042" timestamp="2023-05-19T16:56:20">
          <properties>
[...]
</properties>
          <testcase classname="UnitTests" name="should fail when there is no input" time="0.009">
                      
                    </testcase><testcase classname="UnitTests" name="should fail when only a grid size is given" time="0.001">
                      
                    </testcase><testcase classname="UnitTests" name="should fail when no commands are included" time="0.0">
                      
                    </testcase><testcase classname="UnitTests" name="should fail when no commands are included for a large plateau" time="0.001">
                      
                    </testcase><testcase classname="UnitTests" name="should move north 1 2 N" time="0.0">
                      
                    </testcase><testcase classname="UnitTests" name="should move south" time="0.001">
                      
                    </testcase><testcase classname="UnitTests" name="should move east" time="0.0">
                      
                    </testcase><testcase classname="UnitTests" name="should move west" time="0.0">
                      
                    </testcase><testcase classname="UnitTests" name="should move north from 1 3 N" time="0.001">
                      
                    </testcase><testcase classname="UnitTests" name="should error if the x position is not numeric" time="0.0">
                      
                    </testcase><testcase classname="UnitTests" name="should move north from 2 3 N" time="0.0">
                      
                    </testcase><testcase classname="UnitTests" name="should turn right from north" time="0.0">
                      
                    </testcase><testcase classname="UnitTests" name="should turn right from east" time="0.001">
                      
                    </testcase><testcase classname="UnitTests" name="should turn right from south" time="0.0">
                      
                    </testcase><testcase classname="UnitTests" name="should turn right from west" time="0.0">
                      
                    </testcase><testcase classname="UnitTests" name="should turn left from north" time="0.025">
                      <failure message="/home/git/scala-katas/src/test/scala/Tests.scala:131
130:
[7m131:    assertEquals(sendCommand(input), Right(finalPosition))[0m
132:  }
values are not the same
[1m=&gt; Obtained[0m
Right(
  value = &quot;2 3 E&quot;
)
[1m=&gt; Diff[0m ([91m- obtained[0m, [92m+ expected[0m)
 Right(
[91m-  value = &quot;2 3 E&quot;[0m
[92m+  value = &quot;2 3 W&quot;[0m
 )" type="munit.ComparisonFailException">munit.ComparisonFailException: /home/git/scala-katas/src/test/scala/Tests.scala:131
130:
[7m131:    assertEquals(sendCommand(input), Right(finalPosition))[0m
132:  }
values are not the same
[1m=&gt; Obtained[0m
Right(
  value = &quot;2 3 E&quot;
)
[1m=&gt; Diff[0m ([91m- obtained[0m, [92m+ expected[0m)
 Right(
[91m-  value = &quot;2 3 E&quot;[0m
[92m+  value = &quot;2 3 W&quot;[0m
 )
	at munit.FunSuite.assertEquals(FunSuite.scala:11)
	at UnitTests.$init$$$anonfun$17(Tests.scala:131)
</failure>
                    </testcase><testcase classname="UnitTests" name="should turn left from east" time="0.001">
                      <failure message="/home/git/scala-katas/src/test/scala/Tests.scala:138
137:
[7m138:    assertEquals(sendCommand(input), Right(finalPosition))[0m
139:  }
values are not the same
[1m=&gt; Obtained[0m
Right(
  value = &quot;2 3 S&quot;
)
[1m=&gt; Diff[0m ([91m- obtained[0m, [92m+ expected[0m)
 Right(
[91m-  value = &quot;2 3 S&quot;[0m
[92m+  value = &quot;2 3 N&quot;[0m
 )" type="munit.ComparisonFailException">munit.ComparisonFailException: /home/git/scala-katas/src/test/scala/Tests.scala:138
137:
[7m138:    assertEquals(sendCommand(input), Right(finalPosition))[0m
139:  }
values are not the same
[1m=&gt; Obtained[0m
Right(
  value = &quot;2 3 S&quot;
)
[1m=&gt; Diff[0m ([91m- obtained[0m, [92m+ expected[0m)
 Right(
[91m-  value = &quot;2 3 S&quot;[0m
[92m+  value = &quot;2 3 N&quot;[0m
 )
	at munit.FunSuite.assertEquals(FunSuite.scala:11)
	at UnitTests.$init$$$anonfun$18(Tests.scala:138)
</failure>
                    </testcase><testcase classname="UnitTests" name="should turn left from south" time="0.001">
                      <failure message="/home/git/scala-katas/src/test/scala/Tests.scala:145
144:
[7m145:    assertEquals(sendCommand(input), Right(finalPosition))[0m
146:  }
values are not the same
[1m=&gt; Obtained[0m
Right(
  value = &quot;2 3 W&quot;
)
[1m=&gt; Diff[0m ([91m- obtained[0m, [92m+ expected[0m)
 Right(
[91m-  value = &quot;2 3 W&quot;[0m
[92m+  value = &quot;2 3 E&quot;[0m
 )" type="munit.ComparisonFailException">munit.ComparisonFailException: /home/git/scala-katas/src/test/scala/Tests.scala:145
144:
[7m145:    assertEquals(sendCommand(input), Right(finalPosition))[0m
146:  }
values are not the same
[1m=&gt; Obtained[0m
Right(
  value = &quot;2 3 W&quot;
)
[1m=&gt; Diff[0m ([91m- obtained[0m, [92m+ expected[0m)
 Right(
[91m-  value = &quot;2 3 W&quot;[0m
[92m+  value = &quot;2 3 E&quot;[0m
 )
	at munit.FunSuite.assertEquals(FunSuite.scala:11)
	at UnitTests.$init$$$anonfun$19(Tests.scala:145)
</failure>
                    </testcase><testcase classname="UnitTests" name="should turn left from west" time="0.001">
                      <failure message="/home/git/scala-katas/src/test/scala/Tests.scala:152
151:
[7m152:    assertEquals(sendCommand(input), Right(finalPosition))[0m
153:  }
values are not the same
[1m=&gt; Obtained[0m
Right(
  value = &quot;2 3 N&quot;
)
[1m=&gt; Diff[0m ([91m- obtained[0m, [92m+ expected[0m)
 Right(
[91m-  value = &quot;2 3 N&quot;[0m
[92m+  value = &quot;2 3 S&quot;[0m
 )" type="munit.ComparisonFailException">munit.ComparisonFailException: /home/git/scala-katas/src/test/scala/Tests.scala:152
151:
[7m152:    assertEquals(sendCommand(input), Right(finalPosition))[0m
153:  }
values are not the same
[1m=&gt; Obtained[0m
Right(
  value = &quot;2 3 N&quot;
)
[1m=&gt; Diff[0m ([91m- obtained[0m, [92m+ expected[0m)
 Right(
[91m-  value = &quot;2 3 N&quot;[0m
[92m+  value = &quot;2 3 S&quot;[0m
 )
	at munit.FunSuite.assertEquals(FunSuite.scala:11)
	at UnitTests.$init$$$anonfun$20(Tests.scala:152)
</failure>
                    </testcase>
          <system-out><![CDATA[]]></system-out>
          <system-err><![CDATA[]]></system-err>
        </testsuite>